<?xml version="1.0" encoding="UTF-8"?>
<!-- Generated by org.testng.reporters.JUnitReportReporter -->
<testsuite skipped="0" hostname="QT-INBG-LT0601" name="com.qa.hs.test.Login" tests="1" failures="0" timestamp="2020-05-12T13:18:40 IST" time="59.826" errors="0">
  <testcase name="loginTest" time="59.826" classname="com.qa.hs.test.Login"/>
  <system-out/>
</testsuite> <!-- com.qa.hs.test.Login -->
