<?xml version="1.0" encoding="UTF-8"?>
<!-- Generated by org.testng.reporters.JUnitReportReporter -->
<testsuite skipped="0" hostname="QT-INBG-LT0601" name="com.qa.hs.test.Login" tests="1" failures="0" timestamp="2020-04-24T18:06:23 IST" time="641.403" errors="0">
  <testcase name="loginTest" time="641.403" classname="com.qa.hs.test.Login"/>
  <system-out/>
</testsuite> <!-- com.qa.hs.test.Login -->
